<testsuites id="" name="" tests="3" failures="0" skipped="0" errors="0" time="2.0992740000000003">
<testsuite name="auth.spec.ts" timestamp="2025-06-24T17:28:39.960Z" hostname="chromium" tests="3" failures="0" skipped="0" time="1.749" errors="0">
<testcase name="Authentication E2E › User can register, login, and request password reset (real backend)" classname="auth.spec.ts" time="0.84">
</testcase>
<testcase name="Authentication E2E › User sees an error when trying to register with an existing email" classname="auth.spec.ts" time="0.73">
</testcase>
<testcase name="Authentication E2E › User sees an error when trying to register with an invalid password" classname="auth.spec.ts" time="0.179">
</testcase>
</testsuite>
</testsuites>